<?xml version="1.0" encoding="UTF-8"?>
<testng-results skipped="0" failed="3" total="67" passed="64">
  <reporter-output>
  </reporter-output>
  <suite name="Default suite" duration-ms="4502990" started-at="2019-12-04T13:57:06Z" finished-at="2019-12-04T15:12:09Z">
    <groups>
    </groups>
    <test name="Default test" duration-ms="4502990" started-at="2019-12-04T13:57:06Z" finished-at="2019-12-04T15:12:09Z">
      <class name="ssms.SSMS_Automation.testCase.AdminModule">
        <test-method status="PASS" signature="setup()[pri:0, instance:ssms.SSMS_Automation.testCase.AdminModule@77caeb3e]" name="setup" is-config="true" duration-ms="12843" started-at="2019-12-04T19:27:06Z" finished-at="2019-12-04T19:27:19Z">
          <reporter-output>
          </reporter-output>
        </test-method> <!-- setup -->
        <test-method status="PASS" signature="Tc_Location_State_01_001()[pri:0, instance:ssms.SSMS_Automation.testCase.AdminModule@77caeb3e]" name="Tc_Location_State_01_001" duration-ms="34533" started-at="2019-12-04T19:27:19Z" description="Verify That Appearance of Create State UI Displayed Successfully" finished-at="2019-12-04T19:27:53Z">
          <reporter-output>
          </reporter-output>
        </test-method> <!-- Tc_Location_State_01_001 -->
        <test-method status="PASS" signature="tearDown()[pri:0, instance:ssms.SSMS_Automation.testCase.AdminModule@77caeb3e]" name="tearDown" is-config="true" duration-ms="1012" started-at="2019-12-04T19:27:53Z" finished-at="2019-12-04T19:27:55Z">
          <reporter-output>
          </reporter-output>
        </test-method> <!-- tearDown -->
        <test-method status="PASS" signature="setup()[pri:0, instance:ssms.SSMS_Automation.testCase.AdminModule@77caeb3e]" name="setup" is-config="true" duration-ms="10012" started-at="2019-12-04T19:27:55Z" finished-at="2019-12-04T19:28:05Z">
          <reporter-output>
          </reporter-output>
        </test-method> <!-- setup -->
        <test-method status="PASS" signature="Tc_Location_State_02_002()[pri:1, instance:ssms.SSMS_Automation.testCase.AdminModule@77caeb3e]" name="Tc_Location_State_02_002" duration-ms="89100" started-at="2019-12-04T19:28:05Z" description="Validation on length of textbox, all errorMessge and Validation Message Displayed Successfully" finished-at="2019-12-04T19:29:34Z">
          <reporter-output>
          </reporter-output>
        </test-method> <!-- Tc_Location_State_02_002 -->
        <test-method status="PASS" signature="tearDown()[pri:0, instance:ssms.SSMS_Automation.testCase.AdminModule@77caeb3e]" name="tearDown" is-config="true" duration-ms="890" started-at="2019-12-04T19:29:34Z" finished-at="2019-12-04T19:29:35Z">
          <reporter-output>
          </reporter-output>
        </test-method> <!-- tearDown -->
        <test-method status="PASS" signature="setup()[pri:0, instance:ssms.SSMS_Automation.testCase.AdminModule@77caeb3e]" name="setup" is-config="true" duration-ms="10194" started-at="2019-12-04T19:29:35Z" finished-at="2019-12-04T19:29:45Z">
          <reporter-output>
          </reporter-output>
        </test-method> <!-- setup -->
        <test-method status="PASS" signature="Tc_Location_state_03_003()[pri:2, instance:ssms.SSMS_Automation.testCase.AdminModule@77caeb3e]" name="Tc_Location_state_03_003" duration-ms="39390" started-at="2019-12-04T19:29:45Z" description="Validation on data type of textbox errorMessge and Validation Message Displayed Successfully" finished-at="2019-12-04T19:30:24Z">
          <reporter-output>
          </reporter-output>
        </test-method> <!-- Tc_Location_state_03_003 -->
        <test-method status="PASS" signature="tearDown()[pri:0, instance:ssms.SSMS_Automation.testCase.AdminModule@77caeb3e]" name="tearDown" is-config="true" duration-ms="835" started-at="2019-12-04T19:30:24Z" finished-at="2019-12-04T19:30:25Z">
          <reporter-output>
          </reporter-output>
        </test-method> <!-- tearDown -->
        <test-method status="PASS" signature="setup()[pri:0, instance:ssms.SSMS_Automation.testCase.AdminModule@77caeb3e]" name="setup" is-config="true" duration-ms="10102" started-at="2019-12-04T19:30:25Z" finished-at="2019-12-04T19:30:35Z">
          <reporter-output>
          </reporter-output>
        </test-method> <!-- setup -->
        <test-method status="PASS" signature="Tc_Location_State_04_004()[pri:3, instance:ssms.SSMS_Automation.testCase.AdminModule@77caeb3e]" name="Tc_Location_State_04_004" duration-ms="29043" started-at="2019-12-04T19:30:35Z" description="Validate  State name with already existing one" finished-at="2019-12-04T19:31:04Z">
          <reporter-output>
          </reporter-output>
        </test-method> <!-- Tc_Location_State_04_004 -->
        <test-method status="PASS" signature="tearDown()[pri:0, instance:ssms.SSMS_Automation.testCase.AdminModule@77caeb3e]" name="tearDown" is-config="true" duration-ms="820" started-at="2019-12-04T19:31:04Z" finished-at="2019-12-04T19:31:05Z">
          <reporter-output>
          </reporter-output>
        </test-method> <!-- tearDown -->
        <test-method status="PASS" signature="setup()[pri:0, instance:ssms.SSMS_Automation.testCase.AdminModule@77caeb3e]" name="setup" is-config="true" duration-ms="10178" started-at="2019-12-04T19:31:05Z" finished-at="2019-12-04T19:31:15Z">
          <reporter-output>
          </reporter-output>
        </test-method> <!-- setup -->
        <test-method status="PASS" signature="Tc_Location_State_05_005()[pri:4, instance:ssms.SSMS_Automation.testCase.AdminModule@77caeb3e]" name="Tc_Location_State_05_005" duration-ms="27821" started-at="2019-12-04T19:31:15Z" description="Verify the error message : Mendatory Fields without data" finished-at="2019-12-04T19:31:43Z">
          <reporter-output>
          </reporter-output>
        </test-method> <!-- Tc_Location_State_05_005 -->
        <test-method status="PASS" signature="tearDown()[pri:0, instance:ssms.SSMS_Automation.testCase.AdminModule@77caeb3e]" name="tearDown" is-config="true" duration-ms="840" started-at="2019-12-04T19:31:43Z" finished-at="2019-12-04T19:31:44Z">
          <reporter-output>
          </reporter-output>
        </test-method> <!-- tearDown -->
        <test-method status="PASS" signature="setup()[pri:0, instance:ssms.SSMS_Automation.testCase.AdminModule@77caeb3e]" name="setup" is-config="true" duration-ms="9933" started-at="2019-12-04T19:31:44Z" finished-at="2019-12-04T19:31:54Z">
          <reporter-output>
          </reporter-output>
        </test-method> <!-- setup -->
        <test-method status="PASS" signature="Tc_Location_State_07_007()[pri:6, instance:ssms.SSMS_Automation.testCase.AdminModule@77caeb3e]" name="Tc_Location_State_07_007" duration-ms="28309" started-at="2019-12-04T19:31:54Z" description="Verify the Textbox with a clear (x) button" finished-at="2019-12-04T19:32:22Z">
          <reporter-output>
          </reporter-output>
        </test-method> <!-- Tc_Location_State_07_007 -->
        <test-method status="PASS" signature="tearDown()[pri:0, instance:ssms.SSMS_Automation.testCase.AdminModule@77caeb3e]" name="tearDown" is-config="true" duration-ms="783" started-at="2019-12-04T19:32:22Z" finished-at="2019-12-04T19:32:23Z">
          <reporter-output>
          </reporter-output>
        </test-method> <!-- tearDown -->
        <test-method status="PASS" signature="setup()[pri:0, instance:ssms.SSMS_Automation.testCase.AdminModule@77caeb3e]" name="setup" is-config="true" duration-ms="9950" started-at="2019-12-04T19:32:23Z" finished-at="2019-12-04T19:32:33Z">
          <reporter-output>
          </reporter-output>
        </test-method> <!-- setup -->
        <test-method status="PASS" signature="Tc_Location_State_08_008()[pri:7, instance:ssms.SSMS_Automation.testCase.AdminModule@77caeb3e]" name="Tc_Location_State_08_008" duration-ms="61765" started-at="2019-12-04T19:32:33Z" description="Create state with valid data" finished-at="2019-12-04T19:33:34Z">
          <reporter-output>
          </reporter-output>
        </test-method> <!-- Tc_Location_State_08_008 -->
        <test-method status="PASS" signature="tearDown()[pri:0, instance:ssms.SSMS_Automation.testCase.AdminModule@77caeb3e]" name="tearDown" is-config="true" duration-ms="867" started-at="2019-12-04T19:33:34Z" finished-at="2019-12-04T19:33:35Z">
          <reporter-output>
          </reporter-output>
        </test-method> <!-- tearDown -->
        <test-method status="PASS" signature="setup()[pri:0, instance:ssms.SSMS_Automation.testCase.AdminModule@77caeb3e]" name="setup" is-config="true" duration-ms="9989" started-at="2019-12-04T19:33:35Z" finished-at="2019-12-04T19:33:45Z">
          <reporter-output>
          </reporter-output>
        </test-method> <!-- setup -->
        <test-method status="PASS" signature="Tc_Location_State_09_009()[pri:8, instance:ssms.SSMS_Automation.testCase.AdminModule@77caeb3e]" name="Tc_Location_State_09_009" duration-ms="27768" started-at="2019-12-04T19:33:45Z" description="Create state with Invalid data" finished-at="2019-12-04T19:34:13Z">
          <reporter-output>
          </reporter-output>
        </test-method> <!-- Tc_Location_State_09_009 -->
        <test-method status="PASS" signature="tearDown()[pri:0, instance:ssms.SSMS_Automation.testCase.AdminModule@77caeb3e]" name="tearDown" is-config="true" duration-ms="831" started-at="2019-12-04T19:34:13Z" finished-at="2019-12-04T19:34:14Z">
          <reporter-output>
          </reporter-output>
        </test-method> <!-- tearDown -->
        <test-method status="PASS" signature="setup()[pri:0, instance:ssms.SSMS_Automation.testCase.AdminModule@77caeb3e]" name="setup" is-config="true" duration-ms="9903" started-at="2019-12-04T19:34:14Z" finished-at="2019-12-04T19:34:24Z">
          <reporter-output>
          </reporter-output>
        </test-method> <!-- setup -->
        <test-method status="PASS" signature="Tc_Location_State_09_009_duplicate()[pri:9, instance:ssms.SSMS_Automation.testCase.AdminModule@77caeb3e]" name="Tc_Location_State_09_009_duplicate" duration-ms="27754" started-at="2019-12-04T19:34:24Z" description="Create state without data" finished-at="2019-12-04T19:34:52Z">
          <reporter-output>
          </reporter-output>
        </test-method> <!-- Tc_Location_State_09_009_duplicate -->
        <test-method status="PASS" signature="tearDown()[pri:0, instance:ssms.SSMS_Automation.testCase.AdminModule@77caeb3e]" name="tearDown" is-config="true" duration-ms="796" started-at="2019-12-04T19:34:52Z" finished-at="2019-12-04T19:34:52Z">
          <reporter-output>
          </reporter-output>
        </test-method> <!-- tearDown -->
        <test-method status="PASS" signature="setup()[pri:0, instance:ssms.SSMS_Automation.testCase.AdminModule@77caeb3e]" name="setup" is-config="true" duration-ms="10040" started-at="2019-12-04T19:34:52Z" finished-at="2019-12-04T19:35:02Z">
          <reporter-output>
          </reporter-output>
        </test-method> <!-- setup -->
        <test-method status="PASS" signature="Tc_Location_State_10_010()[pri:10, instance:ssms.SSMS_Automation.testCase.AdminModule@77caeb3e]" name="Tc_Location_State_10_010" duration-ms="27887" started-at="2019-12-04T19:35:02Z" description="&#039;Cancle&#039; With data in all field" finished-at="2019-12-04T19:35:30Z">
          <reporter-output>
          </reporter-output>
        </test-method> <!-- Tc_Location_State_10_010 -->
        <test-method status="PASS" signature="tearDown()[pri:0, instance:ssms.SSMS_Automation.testCase.AdminModule@77caeb3e]" name="tearDown" is-config="true" duration-ms="800" started-at="2019-12-04T19:35:30Z" finished-at="2019-12-04T19:35:31Z">
          <reporter-output>
          </reporter-output>
        </test-method> <!-- tearDown -->
        <test-method status="PASS" signature="setup()[pri:0, instance:ssms.SSMS_Automation.testCase.AdminModule@77caeb3e]" name="setup" is-config="true" duration-ms="10138" started-at="2019-12-04T19:35:31Z" finished-at="2019-12-04T19:35:41Z">
          <reporter-output>
          </reporter-output>
        </test-method> <!-- setup -->
        <test-method status="PASS" signature="Tc_Location_State_11_011()[pri:11, instance:ssms.SSMS_Automation.testCase.AdminModule@77caeb3e]" name="Tc_Location_State_11_011" duration-ms="28544" started-at="2019-12-04T19:35:41Z" description="&#039;Cancle&#039; Without data in all field" finished-at="2019-12-04T19:36:10Z">
          <reporter-output>
          </reporter-output>
        </test-method> <!-- Tc_Location_State_11_011 -->
        <test-method status="PASS" signature="tearDown()[pri:0, instance:ssms.SSMS_Automation.testCase.AdminModule@77caeb3e]" name="tearDown" is-config="true" duration-ms="841" started-at="2019-12-04T19:36:10Z" finished-at="2019-12-04T19:36:11Z">
          <reporter-output>
          </reporter-output>
        </test-method> <!-- tearDown -->
        <test-method status="PASS" signature="setup()[pri:0, instance:ssms.SSMS_Automation.testCase.AdminModule@77caeb3e]" name="setup" is-config="true" duration-ms="9976" started-at="2019-12-04T19:36:11Z" finished-at="2019-12-04T19:36:21Z">
          <reporter-output>
          </reporter-output>
        </test-method> <!-- setup -->
        <test-method status="PASS" signature="Tc_Location_State_12_012()[pri:12, instance:ssms.SSMS_Automation.testCase.AdminModule@77caeb3e]" name="Tc_Location_State_12_012" duration-ms="59907" started-at="2019-12-04T19:36:21Z" description="Check the  radio checkbox switcher gets selected using mouse cursor action" finished-at="2019-12-04T19:37:21Z">
          <reporter-output>
          </reporter-output>
        </test-method> <!-- Tc_Location_State_12_012 -->
        <test-method status="PASS" signature="tearDown()[pri:0, instance:ssms.SSMS_Automation.testCase.AdminModule@77caeb3e]" name="tearDown" is-config="true" duration-ms="827" started-at="2019-12-04T19:37:21Z" finished-at="2019-12-04T19:37:21Z">
          <reporter-output>
          </reporter-output>
        </test-method> <!-- tearDown -->
        <test-method status="PASS" signature="setup()[pri:0, instance:ssms.SSMS_Automation.testCase.AdminModule@77caeb3e]" name="setup" is-config="true" duration-ms="10004" started-at="2019-12-04T19:37:21Z" finished-at="2019-12-04T19:37:31Z">
          <reporter-output>
          </reporter-output>
        </test-method> <!-- setup -->
        <test-method status="PASS" signature="Tc_Location_State_13_013()[pri:13, instance:ssms.SSMS_Automation.testCase.AdminModule@77caeb3e]" name="Tc_Location_State_13_013" duration-ms="78695" started-at="2019-12-04T19:37:31Z" description="Check the radio button allows for more then one selection" finished-at="2019-12-04T19:38:50Z">
          <reporter-output>
          </reporter-output>
        </test-method> <!-- Tc_Location_State_13_013 -->
        <test-method status="PASS" signature="tearDown()[pri:0, instance:ssms.SSMS_Automation.testCase.AdminModule@77caeb3e]" name="tearDown" is-config="true" duration-ms="901" started-at="2019-12-04T19:38:50Z" finished-at="2019-12-04T19:38:51Z">
          <reporter-output>
          </reporter-output>
        </test-method> <!-- tearDown -->
        <test-method status="PASS" signature="setup()[pri:0, instance:ssms.SSMS_Automation.testCase.AdminModule@77caeb3e]" name="setup" is-config="true" duration-ms="9993" started-at="2019-12-04T19:38:51Z" finished-at="2019-12-04T19:39:01Z">
          <reporter-output>
          </reporter-output>
        </test-method> <!-- setup -->
        <test-method status="PASS" signature="Tc_Location_State_16_016()[pri:16, instance:ssms.SSMS_Automation.testCase.AdminModule@77caeb3e]" name="Tc_Location_State_16_016" duration-ms="40535" started-at="2019-12-04T19:39:01Z" description="Appearance of Edit Row UI" finished-at="2019-12-04T19:39:41Z">
          <reporter-output>
          </reporter-output>
        </test-method> <!-- Tc_Location_State_16_016 -->
        <test-method status="PASS" signature="tearDown()[pri:0, instance:ssms.SSMS_Automation.testCase.AdminModule@77caeb3e]" name="tearDown" is-config="true" duration-ms="922" started-at="2019-12-04T19:39:41Z" finished-at="2019-12-04T19:39:42Z">
          <reporter-output>
          </reporter-output>
        </test-method> <!-- tearDown -->
        <test-method status="PASS" signature="setup()[pri:0, instance:ssms.SSMS_Automation.testCase.AdminModule@77caeb3e]" name="setup" is-config="true" duration-ms="10058" started-at="2019-12-04T19:39:42Z" finished-at="2019-12-04T19:39:52Z">
          <reporter-output>
          </reporter-output>
        </test-method> <!-- setup -->
        <test-method status="PASS" signature="Tc_Location_State_17_017()[pri:17, instance:ssms.SSMS_Automation.testCase.AdminModule@77caeb3e]" name="Tc_Location_State_17_017" duration-ms="64472" started-at="2019-12-04T19:39:52Z" description="Edit state with valid data" finished-at="2019-12-04T19:40:57Z">
          <reporter-output>
          </reporter-output>
        </test-method> <!-- Tc_Location_State_17_017 -->
        <test-method status="PASS" signature="tearDown()[pri:0, instance:ssms.SSMS_Automation.testCase.AdminModule@77caeb3e]" name="tearDown" is-config="true" duration-ms="824" started-at="2019-12-04T19:40:57Z" finished-at="2019-12-04T19:40:58Z">
          <reporter-output>
          </reporter-output>
        </test-method> <!-- tearDown -->
        <test-method status="PASS" signature="setup()[pri:0, instance:ssms.SSMS_Automation.testCase.AdminModule@77caeb3e]" name="setup" is-config="true" duration-ms="10005" started-at="2019-12-04T19:40:58Z" finished-at="2019-12-04T19:41:08Z">
          <reporter-output>
          </reporter-output>
        </test-method> <!-- setup -->
        <test-method status="FAIL" signature="Tc_Location_State_18_018()[pri:18, instance:ssms.SSMS_Automation.testCase.AdminModule@77caeb3e]" name="Tc_Location_State_18_018" duration-ms="45469" started-at="2019-12-04T19:41:08Z" description="Cancle Edited State" finished-at="2019-12-04T19:41:53Z">
          <exception class="java.lang.AssertionError">
            <message>
              <![CDATA[Fail due to exception no such element: Unable to locate element: {"method":"xpath","selector":"//button[text()='Name']/following::span[6]"}
  (Session info: chrome=78.0.3904.108)
For documentation on this error, please visit: http://seleniumhq.org/exceptions/no_such_element.html
Build info: version: '3.4.0', revision: 'unknown', time: 'unknown'
System info: host: 'RAJ-PC', ip: '192.168.0.3', os.name: 'Windows 7', os.arch: 'amd64', os.version: '6.1', java.version: '1.8.0_151'
Driver info: org.openqa.selenium.chrome.ChromeDriver
Capabilities [{networkConnectionEnabled=false, chrome={chromedriverVersion=78.0.3904.70 (edb9c9f3de0247fd912a77b7f6cae7447f6d3ad5-refs/branch-heads/3904@{#800}), userDataDir=C:\Users\RAJ\AppData\Local\Temp\scoped_dir6052_2064690478}, timeouts={implicit=0.0, pageLoad=300000.0, script=30000.0}, pageLoadStrategy=normal, unhandledPromptBehavior=dismiss and notify, strictFileInteractability=false, platform=ANY, proxy=Proxy(), goog:chromeOptions={debuggerAddress=localhost:1173}, acceptInsecureCerts=false, browserVersion=78.0.3904.108, browserName=chrome, javascriptEnabled=true, platformName=windows nt, setWindowRect=true}]
Session ID: 61d802ee7aeb98a2aaec0dcd361df4a0
*** Element info: {Using=xpath, value=//button[text()='Name']/following::span[6]}]]>
            </message>
            <full-stacktrace>
              <![CDATA[java.lang.AssertionError: Fail due to exception no such element: Unable to locate element: {"method":"xpath","selector":"//button[text()='Name']/following::span[6]"}
  (Session info: chrome=78.0.3904.108)
For documentation on this error, please visit: http://seleniumhq.org/exceptions/no_such_element.html
Build info: version: '3.4.0', revision: 'unknown', time: 'unknown'
System info: host: 'RAJ-PC', ip: '192.168.0.3', os.name: 'Windows 7', os.arch: 'amd64', os.version: '6.1', java.version: '1.8.0_151'
Driver info: org.openqa.selenium.chrome.ChromeDriver
Capabilities [{networkConnectionEnabled=false, chrome={chromedriverVersion=78.0.3904.70 (edb9c9f3de0247fd912a77b7f6cae7447f6d3ad5-refs/branch-heads/3904@{#800}), userDataDir=C:\Users\RAJ\AppData\Local\Temp\scoped_dir6052_2064690478}, timeouts={implicit=0.0, pageLoad=300000.0, script=30000.0}, pageLoadStrategy=normal, unhandledPromptBehavior=dismiss and notify, strictFileInteractability=false, platform=ANY, proxy=Proxy(), goog:chromeOptions={debuggerAddress=localhost:1173}, acceptInsecureCerts=false, browserVersion=78.0.3904.108, browserName=chrome, javascriptEnabled=true, platformName=windows nt, setWindowRect=true}]
Session ID: 61d802ee7aeb98a2aaec0dcd361df4a0
*** Element info: {Using=xpath, value=//button[text()='Name']/following::span[6]}
	at org.testng.Assert.fail(Assert.java:94)
	at ssms.SSMS_Automation.modules.AdminStateModulePage.updateDataCancel(AdminStateModulePage.java:435)
	at ssms.SSMS_Automation.testCase.AdminModule.Tc_Location_State_18_018(AdminModule.java:163)
	at sun.reflect.NativeMethodAccessorImpl.invoke0(Native Method)
	at sun.reflect.NativeMethodAccessorImpl.invoke(NativeMethodAccessorImpl.java:62)
	at sun.reflect.DelegatingMethodAccessorImpl.invoke(DelegatingMethodAccessorImpl.java:43)
	at java.lang.reflect.Method.invoke(Method.java:498)
	at org.testng.internal.MethodInvocationHelper.invokeMethod(MethodInvocationHelper.java:85)
	at org.testng.internal.Invoker.invokeMethod(Invoker.java:639)
	at org.testng.internal.Invoker.invokeTestMethod(Invoker.java:816)
	at org.testng.internal.Invoker.invokeTestMethods(Invoker.java:1124)
	at org.testng.internal.TestMethodWorker.invokeTestMethods(TestMethodWorker.java:125)
	at org.testng.internal.TestMethodWorker.run(TestMethodWorker.java:108)
	at org.testng.TestRunner.privateRun(TestRunner.java:774)
	at org.testng.TestRunner.run(TestRunner.java:624)
	at org.testng.SuiteRunner.runTest(SuiteRunner.java:359)
	at org.testng.SuiteRunner.runSequentially(SuiteRunner.java:354)
	at org.testng.SuiteRunner.privateRun(SuiteRunner.java:312)
	at org.testng.SuiteRunner.run(SuiteRunner.java:261)
	at org.testng.SuiteRunnerWorker.runSuite(SuiteRunnerWorker.java:52)
	at org.testng.SuiteRunnerWorker.run(SuiteRunnerWorker.java:86)
	at org.testng.TestNG.runSuitesSequentially(TestNG.java:1191)
	at org.testng.TestNG.runSuitesLocally(TestNG.java:1116)
	at org.testng.TestNG.run(TestNG.java:1024)
	at org.testng.remote.AbstractRemoteTestNG.run(AbstractRemoteTestNG.java:114)
	at org.testng.remote.RemoteTestNG.initAndRun(RemoteTestNG.java:251)
	at org.testng.remote.RemoteTestNG.main(RemoteTestNG.java:77)
]]>
            </full-stacktrace>
          </exception> <!-- java.lang.AssertionError -->
          <reporter-output>
          </reporter-output>
        </test-method> <!-- Tc_Location_State_18_018 -->
        <test-method status="PASS" signature="tearDown()[pri:0, instance:ssms.SSMS_Automation.testCase.AdminModule@77caeb3e]" name="tearDown" is-config="true" duration-ms="852" started-at="2019-12-04T19:41:53Z" finished-at="2019-12-04T19:41:54Z">
          <reporter-output>
          </reporter-output>
        </test-method> <!-- tearDown -->
        <test-method status="PASS" signature="setup()[pri:0, instance:ssms.SSMS_Automation.testCase.AdminModule@77caeb3e]" name="setup" is-config="true" duration-ms="9903" started-at="2019-12-04T19:41:54Z" finished-at="2019-12-04T19:42:04Z">
          <reporter-output>
          </reporter-output>
        </test-method> <!-- setup -->
        <test-method status="PASS" signature="Tc_Location_State_19_019()[pri:19, instance:ssms.SSMS_Automation.testCase.AdminModule@77caeb3e]" name="Tc_Location_State_19_019" duration-ms="56306" started-at="2019-12-04T19:42:04Z" description="Cancle Edited State" finished-at="2019-12-04T19:43:00Z">
          <reporter-output>
          </reporter-output>
        </test-method> <!-- Tc_Location_State_19_019 -->
        <test-method status="PASS" signature="tearDown()[pri:0, instance:ssms.SSMS_Automation.testCase.AdminModule@77caeb3e]" name="tearDown" is-config="true" duration-ms="839" started-at="2019-12-04T19:43:00Z" finished-at="2019-12-04T19:43:01Z">
          <reporter-output>
          </reporter-output>
        </test-method> <!-- tearDown -->
        <test-method status="PASS" signature="setup()[pri:0, instance:ssms.SSMS_Automation.testCase.AdminModule@77caeb3e]" name="setup" is-config="true" duration-ms="13628" started-at="2019-12-04T19:43:01Z" finished-at="2019-12-04T19:43:15Z">
          <reporter-output>
          </reporter-output>
        </test-method> <!-- setup -->
        <test-method status="PASS" signature="Tc_Location_State_20_020()[pri:20, instance:ssms.SSMS_Automation.testCase.AdminModule@77caeb3e]" name="Tc_Location_State_20_020" duration-ms="29651" started-at="2019-12-04T19:43:15Z" description="Appearance of Delete Row UI" finished-at="2019-12-04T19:43:44Z">
          <reporter-output>
          </reporter-output>
        </test-method> <!-- Tc_Location_State_20_020 -->
        <test-method status="PASS" signature="tearDown()[pri:0, instance:ssms.SSMS_Automation.testCase.AdminModule@77caeb3e]" name="tearDown" is-config="true" duration-ms="821" started-at="2019-12-04T19:43:44Z" finished-at="2019-12-04T19:43:45Z">
          <reporter-output>
          </reporter-output>
        </test-method> <!-- tearDown -->
        <test-method status="PASS" signature="setup()[pri:0, instance:ssms.SSMS_Automation.testCase.AdminModule@77caeb3e]" name="setup" is-config="true" duration-ms="13085" started-at="2019-12-04T19:43:45Z" finished-at="2019-12-04T19:43:58Z">
          <reporter-output>
          </reporter-output>
        </test-method> <!-- setup -->
        <test-method status="PASS" signature="Tc_Location_State_21_021()[pri:21, instance:ssms.SSMS_Automation.testCase.AdminModule@77caeb3e]" name="Tc_Location_State_21_021" duration-ms="46547" started-at="2019-12-04T19:43:58Z" description="Delete: Yes : Pop up window get displayed with :Item deleted and displayed Undo option" finished-at="2019-12-04T19:44:45Z">
          <reporter-output>
          </reporter-output>
        </test-method> <!-- Tc_Location_State_21_021 -->
        <test-method status="PASS" signature="tearDown()[pri:0, instance:ssms.SSMS_Automation.testCase.AdminModule@77caeb3e]" name="tearDown" is-config="true" duration-ms="817" started-at="2019-12-04T19:44:45Z" finished-at="2019-12-04T19:44:46Z">
          <reporter-output>
          </reporter-output>
        </test-method> <!-- tearDown -->
        <test-method status="PASS" signature="setup()[pri:0, instance:ssms.SSMS_Automation.testCase.AdminModule@77caeb3e]" name="setup" is-config="true" duration-ms="18937" started-at="2019-12-04T19:44:46Z" finished-at="2019-12-04T19:45:05Z">
          <reporter-output>
          </reporter-output>
        </test-method> <!-- setup -->
        <test-method status="PASS" signature="Tc_Location_State_22_022()[pri:22, instance:ssms.SSMS_Automation.testCase.AdminModule@77caeb3e]" name="Tc_Location_State_22_022" duration-ms="71351" started-at="2019-12-04T19:45:05Z" description="Functionality of Undo option" finished-at="2019-12-04T19:46:16Z">
          <reporter-output>
          </reporter-output>
        </test-method> <!-- Tc_Location_State_22_022 -->
        <test-method status="PASS" signature="tearDown()[pri:0, instance:ssms.SSMS_Automation.testCase.AdminModule@77caeb3e]" name="tearDown" is-config="true" duration-ms="812" started-at="2019-12-04T19:46:16Z" finished-at="2019-12-04T19:46:17Z">
          <reporter-output>
          </reporter-output>
        </test-method> <!-- tearDown -->
        <test-method status="PASS" signature="setup()[pri:0, instance:ssms.SSMS_Automation.testCase.AdminModule@77caeb3e]" name="setup" is-config="true" duration-ms="13390" started-at="2019-12-04T19:46:17Z" finished-at="2019-12-04T19:46:30Z">
          <reporter-output>
          </reporter-output>
        </test-method> <!-- setup -->
        <test-method status="PASS" signature="Tc_Location_State_23_023()[pri:23, instance:ssms.SSMS_Automation.testCase.AdminModule@77caeb3e]" name="Tc_Location_State_23_023" duration-ms="56222" started-at="2019-12-04T19:46:30Z" description="Functionality of &#039;No&#039; button" finished-at="2019-12-04T19:47:26Z">
          <reporter-output>
          </reporter-output>
        </test-method> <!-- Tc_Location_State_23_023 -->
        <test-method status="PASS" signature="tearDown()[pri:0, instance:ssms.SSMS_Automation.testCase.AdminModule@77caeb3e]" name="tearDown" is-config="true" duration-ms="855" started-at="2019-12-04T19:47:26Z" finished-at="2019-12-04T19:47:27Z">
          <reporter-output>
          </reporter-output>
        </test-method> <!-- tearDown -->
        <test-method status="PASS" signature="setup()[pri:0, instance:ssms.SSMS_Automation.testCase.AdminModule@77caeb3e]" name="setup" is-config="true" duration-ms="10522" started-at="2019-12-04T19:47:27Z" finished-at="2019-12-04T19:47:38Z">
          <reporter-output>
          </reporter-output>
        </test-method> <!-- setup -->
        <test-method status="PASS" signature="Tc_Location_State_24_024()[pri:24, instance:ssms.SSMS_Automation.testCase.AdminModule@77caeb3e]" name="Tc_Location_State_24_024" duration-ms="56388" started-at="2019-12-04T19:47:38Z" description="Functionality of View timelines" finished-at="2019-12-04T19:48:34Z">
          <reporter-output>
          </reporter-output>
        </test-method> <!-- Tc_Location_State_24_024 -->
        <test-method status="PASS" signature="tearDown()[pri:0, instance:ssms.SSMS_Automation.testCase.AdminModule@77caeb3e]" name="tearDown" is-config="true" duration-ms="828" started-at="2019-12-04T19:48:34Z" finished-at="2019-12-04T19:48:35Z">
          <reporter-output>
          </reporter-output>
        </test-method> <!-- tearDown -->
        <test-method status="PASS" signature="setup()[pri:0, instance:ssms.SSMS_Automation.testCase.AdminModule@77caeb3e]" name="setup" is-config="true" duration-ms="10350" started-at="2019-12-04T19:48:35Z" finished-at="2019-12-04T19:48:45Z">
          <reporter-output>
          </reporter-output>
        </test-method> <!-- setup -->
        <test-method status="PASS" signature="Tc_Location_State_25_025()[pri:25, instance:ssms.SSMS_Automation.testCase.AdminModule@77caeb3e]" name="Tc_Location_State_25_025" duration-ms="55226" started-at="2019-12-04T19:48:45Z" description="Functionality of Search Icon" finished-at="2019-12-04T19:49:41Z">
          <reporter-output>
          </reporter-output>
        </test-method> <!-- Tc_Location_State_25_025 -->
        <test-method status="PASS" signature="tearDown()[pri:0, instance:ssms.SSMS_Automation.testCase.AdminModule@77caeb3e]" name="tearDown" is-config="true" duration-ms="837" started-at="2019-12-04T19:49:41Z" finished-at="2019-12-04T19:49:41Z">
          <reporter-output>
          </reporter-output>
        </test-method> <!-- tearDown -->
        <test-method status="PASS" signature="setup()[pri:0, instance:ssms.SSMS_Automation.testCase.AdminModule@77caeb3e]" name="setup" is-config="true" duration-ms="10002" started-at="2019-12-04T19:49:41Z" finished-at="2019-12-04T19:49:51Z">
          <reporter-output>
          </reporter-output>
        </test-method> <!-- setup -->
        <test-method status="PASS" signature="Tc_Location_City_25_025_()[pri:26, instance:ssms.SSMS_Automation.testCase.AdminModule@77caeb3e]" name="Tc_Location_City_25_025_" duration-ms="40597" started-at="2019-12-04T19:49:51Z" description="Appearance of Create City UI" finished-at="2019-12-04T19:50:32Z">
          <reporter-output>
          </reporter-output>
        </test-method> <!-- Tc_Location_City_25_025_ -->
        <test-method status="PASS" signature="tearDown()[pri:0, instance:ssms.SSMS_Automation.testCase.AdminModule@77caeb3e]" name="tearDown" is-config="true" duration-ms="773" started-at="2019-12-04T19:50:32Z" finished-at="2019-12-04T19:50:33Z">
          <reporter-output>
          </reporter-output>
        </test-method> <!-- tearDown -->
        <test-method status="PASS" signature="setup()[pri:0, instance:ssms.SSMS_Automation.testCase.AdminModule@77caeb3e]" name="setup" is-config="true" duration-ms="10239" started-at="2019-12-04T19:50:33Z" finished-at="2019-12-04T19:50:43Z">
          <reporter-output>
          </reporter-output>
        </test-method> <!-- setup -->
        <test-method status="PASS" signature="Tc_Location_City_26_026()[pri:27, instance:ssms.SSMS_Automation.testCase.AdminModule@77caeb3e]" name="Tc_Location_City_26_026" duration-ms="43009" started-at="2019-12-04T19:50:43Z" description="Validation on length of textbox" finished-at="2019-12-04T19:51:26Z">
          <reporter-output>
          </reporter-output>
        </test-method> <!-- Tc_Location_City_26_026 -->
        <test-method status="PASS" signature="tearDown()[pri:0, instance:ssms.SSMS_Automation.testCase.AdminModule@77caeb3e]" name="tearDown" is-config="true" duration-ms="826" started-at="2019-12-04T19:51:26Z" finished-at="2019-12-04T19:51:27Z">
          <reporter-output>
          </reporter-output>
        </test-method> <!-- tearDown -->
        <test-method status="PASS" signature="setup()[pri:0, instance:ssms.SSMS_Automation.testCase.AdminModule@77caeb3e]" name="setup" is-config="true" duration-ms="10334" started-at="2019-12-04T19:51:27Z" finished-at="2019-12-04T19:51:37Z">
          <reporter-output>
          </reporter-output>
        </test-method> <!-- setup -->
        <test-method status="PASS" signature="Tc_Location_City_27_027()[pri:28, instance:ssms.SSMS_Automation.testCase.AdminModule@77caeb3e]" name="Tc_Location_City_27_027" duration-ms="79354" started-at="2019-12-04T19:51:37Z" description="Validation on data type of  textbox" finished-at="2019-12-04T19:52:57Z">
          <reporter-output>
          </reporter-output>
        </test-method> <!-- Tc_Location_City_27_027 -->
        <test-method status="PASS" signature="tearDown()[pri:0, instance:ssms.SSMS_Automation.testCase.AdminModule@77caeb3e]" name="tearDown" is-config="true" duration-ms="790" started-at="2019-12-04T19:52:57Z" finished-at="2019-12-04T19:52:57Z">
          <reporter-output>
          </reporter-output>
        </test-method> <!-- tearDown -->
        <test-method status="PASS" signature="setup()[pri:0, instance:ssms.SSMS_Automation.testCase.AdminModule@77caeb3e]" name="setup" is-config="true" duration-ms="9994" started-at="2019-12-04T19:52:57Z" finished-at="2019-12-04T19:53:07Z">
          <reporter-output>
          </reporter-output>
        </test-method> <!-- setup -->
        <test-method status="PASS" signature="Tc_Location_City_28_028()[pri:29, instance:ssms.SSMS_Automation.testCase.AdminModule@77caeb3e]" name="Tc_Location_City_28_028" duration-ms="53209" started-at="2019-12-04T19:53:07Z" description="Validate  Existing &#039;City&#039; name with already existing  &#039;State&#039;  within same State" finished-at="2019-12-04T19:54:01Z">
          <reporter-output>
          </reporter-output>
        </test-method> <!-- Tc_Location_City_28_028 -->
        <test-method status="PASS" signature="tearDown()[pri:0, instance:ssms.SSMS_Automation.testCase.AdminModule@77caeb3e]" name="tearDown" is-config="true" duration-ms="829" started-at="2019-12-04T19:54:01Z" finished-at="2019-12-04T19:54:01Z">
          <reporter-output>
          </reporter-output>
        </test-method> <!-- tearDown -->
        <test-method status="PASS" signature="setup()[pri:0, instance:ssms.SSMS_Automation.testCase.AdminModule@77caeb3e]" name="setup" is-config="true" duration-ms="10100" started-at="2019-12-04T19:54:01Z" finished-at="2019-12-04T19:54:11Z">
          <reporter-output>
          </reporter-output>
        </test-method> <!-- setup -->
        <test-method status="PASS" signature="Tc_Location_City_30_30()[pri:30, instance:ssms.SSMS_Automation.testCase.AdminModule@77caeb3e]" name="Tc_Location_City_30_30" duration-ms="41608" started-at="2019-12-04T19:54:11Z" description="Mendatory Fields without data" finished-at="2019-12-04T19:54:53Z">
          <reporter-output>
          </reporter-output>
        </test-method> <!-- Tc_Location_City_30_30 -->
        <test-method status="PASS" signature="tearDown()[pri:0, instance:ssms.SSMS_Automation.testCase.AdminModule@77caeb3e]" name="tearDown" is-config="true" duration-ms="792" started-at="2019-12-04T19:54:53Z" finished-at="2019-12-04T19:54:54Z">
          <reporter-output>
          </reporter-output>
        </test-method> <!-- tearDown -->
        <test-method status="PASS" signature="setup()[pri:0, instance:ssms.SSMS_Automation.testCase.AdminModule@77caeb3e]" name="setup" is-config="true" duration-ms="10005" started-at="2019-12-04T19:54:54Z" finished-at="2019-12-04T19:55:04Z">
          <reporter-output>
          </reporter-output>
        </test-method> <!-- setup -->
        <test-method status="PASS" signature="Tc_Location_City_32_32()[pri:31, instance:ssms.SSMS_Automation.testCase.AdminModule@77caeb3e]" name="Tc_Location_City_32_32" duration-ms="38848" started-at="2019-12-04T19:55:04Z" description="Textbox with a clear (x) button" finished-at="2019-12-04T19:55:43Z">
          <reporter-output>
          </reporter-output>
        </test-method> <!-- Tc_Location_City_32_32 -->
        <test-method status="PASS" signature="tearDown()[pri:0, instance:ssms.SSMS_Automation.testCase.AdminModule@77caeb3e]" name="tearDown" is-config="true" duration-ms="841" started-at="2019-12-04T19:55:43Z" finished-at="2019-12-04T19:55:44Z">
          <reporter-output>
          </reporter-output>
        </test-method> <!-- tearDown -->
        <test-method status="PASS" signature="setup()[pri:0, instance:ssms.SSMS_Automation.testCase.AdminModule@77caeb3e]" name="setup" is-config="true" duration-ms="9714" started-at="2019-12-04T19:55:44Z" finished-at="2019-12-04T19:55:53Z">
          <reporter-output>
          </reporter-output>
        </test-method> <!-- setup -->
        <test-method status="PASS" signature="Tc_Location_City_33_33()[pri:32, instance:ssms.SSMS_Automation.testCase.AdminModule@77caeb3e]" name="Tc_Location_City_33_33" duration-ms="50334" started-at="2019-12-04T19:55:53Z" description="Create City with valied data" finished-at="2019-12-04T19:56:44Z">
          <reporter-output>
          </reporter-output>
        </test-method> <!-- Tc_Location_City_33_33 -->
        <test-method status="PASS" signature="tearDown()[pri:0, instance:ssms.SSMS_Automation.testCase.AdminModule@77caeb3e]" name="tearDown" is-config="true" duration-ms="842" started-at="2019-12-04T19:56:44Z" finished-at="2019-12-04T19:56:44Z">
          <reporter-output>
          </reporter-output>
        </test-method> <!-- tearDown -->
        <test-method status="PASS" signature="setup()[pri:0, instance:ssms.SSMS_Automation.testCase.AdminModule@77caeb3e]" name="setup" is-config="true" duration-ms="10135" started-at="2019-12-04T19:56:44Z" finished-at="2019-12-04T19:56:55Z">
          <reporter-output>
          </reporter-output>
        </test-method> <!-- setup -->
        <test-method status="PASS" signature="Tc_Location_City_34_34()[pri:33, instance:ssms.SSMS_Automation.testCase.AdminModule@77caeb3e]" name="Tc_Location_City_34_34" duration-ms="54557" started-at="2019-12-04T19:56:55Z" description="Create City with  invalied data" finished-at="2019-12-04T19:57:49Z">
          <reporter-output>
          </reporter-output>
        </test-method> <!-- Tc_Location_City_34_34 -->
        <test-method status="PASS" signature="tearDown()[pri:0, instance:ssms.SSMS_Automation.testCase.AdminModule@77caeb3e]" name="tearDown" is-config="true" duration-ms="801" started-at="2019-12-04T19:57:49Z" finished-at="2019-12-04T19:57:50Z">
          <reporter-output>
          </reporter-output>
        </test-method> <!-- tearDown -->
        <test-method status="PASS" signature="setup()[pri:0, instance:ssms.SSMS_Automation.testCase.AdminModule@77caeb3e]" name="setup" is-config="true" duration-ms="9977" started-at="2019-12-04T19:57:50Z" finished-at="2019-12-04T19:58:00Z">
          <reporter-output>
          </reporter-output>
        </test-method> <!-- setup -->
        <test-method status="PASS" signature="Tc_Location_City_35_35()[pri:34, instance:ssms.SSMS_Automation.testCase.AdminModule@77caeb3e]" name="Tc_Location_City_35_35" duration-ms="56213" started-at="2019-12-04T19:58:00Z" description="Create City without giving any data" finished-at="2019-12-04T19:58:56Z">
          <reporter-output>
          </reporter-output>
        </test-method> <!-- Tc_Location_City_35_35 -->
        <test-method status="PASS" signature="tearDown()[pri:0, instance:ssms.SSMS_Automation.testCase.AdminModule@77caeb3e]" name="tearDown" is-config="true" duration-ms="820" started-at="2019-12-04T19:58:56Z" finished-at="2019-12-04T19:58:57Z">
          <reporter-output>
          </reporter-output>
        </test-method> <!-- tearDown -->
        <test-method status="PASS" signature="setup()[pri:0, instance:ssms.SSMS_Automation.testCase.AdminModule@77caeb3e]" name="setup" is-config="true" duration-ms="9835" started-at="2019-12-04T19:58:57Z" finished-at="2019-12-04T19:59:07Z">
          <reporter-output>
          </reporter-output>
        </test-method> <!-- setup -->
        <test-method status="PASS" signature="Tc_Location_City_36_36()[pri:35, instance:ssms.SSMS_Automation.testCase.AdminModule@77caeb3e]" name="Tc_Location_City_36_36" duration-ms="50341" started-at="2019-12-04T19:59:07Z" description="&#039;Cancle&#039; With data in all field" finished-at="2019-12-04T19:59:57Z">
          <reporter-output>
          </reporter-output>
        </test-method> <!-- Tc_Location_City_36_36 -->
        <test-method status="PASS" signature="tearDown()[pri:0, instance:ssms.SSMS_Automation.testCase.AdminModule@77caeb3e]" name="tearDown" is-config="true" duration-ms="855" started-at="2019-12-04T19:59:57Z" finished-at="2019-12-04T19:59:58Z">
          <reporter-output>
          </reporter-output>
        </test-method> <!-- tearDown -->
        <test-method status="PASS" signature="setup()[pri:0, instance:ssms.SSMS_Automation.testCase.AdminModule@77caeb3e]" name="setup" is-config="true" duration-ms="10121" started-at="2019-12-04T19:59:58Z" finished-at="2019-12-04T20:00:08Z">
          <reporter-output>
          </reporter-output>
        </test-method> <!-- setup -->
        <test-method status="PASS" signature="Tc_Location_City_37_37()[pri:36, instance:ssms.SSMS_Automation.testCase.AdminModule@77caeb3e]" name="Tc_Location_City_37_37" duration-ms="38509" started-at="2019-12-04T20:00:08Z" description="&#039;Cancle&#039; without data in all fields " finished-at="2019-12-04T20:00:47Z">
          <reporter-output>
          </reporter-output>
        </test-method> <!-- Tc_Location_City_37_37 -->
        <test-method status="PASS" signature="tearDown()[pri:0, instance:ssms.SSMS_Automation.testCase.AdminModule@77caeb3e]" name="tearDown" is-config="true" duration-ms="847" started-at="2019-12-04T20:00:47Z" finished-at="2019-12-04T20:00:48Z">
          <reporter-output>
          </reporter-output>
        </test-method> <!-- tearDown -->
        <test-method status="PASS" signature="setup()[pri:0, instance:ssms.SSMS_Automation.testCase.AdminModule@77caeb3e]" name="setup" is-config="true" duration-ms="10335" started-at="2019-12-04T20:00:48Z" finished-at="2019-12-04T20:00:58Z">
          <reporter-output>
          </reporter-output>
        </test-method> <!-- setup -->
        <test-method status="PASS" signature="Tc_Location_City_38_38()[pri:37, instance:ssms.SSMS_Automation.testCase.AdminModule@77caeb3e]" name="Tc_Location_City_38_38" duration-ms="37334" started-at="2019-12-04T20:00:58Z" description="Check the  radio checkbox switcher gets selected using mouse cursor action" finished-at="2019-12-04T20:01:35Z">
          <reporter-output>
          </reporter-output>
        </test-method> <!-- Tc_Location_City_38_38 -->
        <test-method status="PASS" signature="tearDown()[pri:0, instance:ssms.SSMS_Automation.testCase.AdminModule@77caeb3e]" name="tearDown" is-config="true" duration-ms="829" started-at="2019-12-04T20:01:35Z" finished-at="2019-12-04T20:01:36Z">
          <reporter-output>
          </reporter-output>
        </test-method> <!-- tearDown -->
        <test-method status="PASS" signature="setup()[pri:0, instance:ssms.SSMS_Automation.testCase.AdminModule@77caeb3e]" name="setup" is-config="true" duration-ms="9976" started-at="2019-12-04T20:01:36Z" finished-at="2019-12-04T20:01:46Z">
          <reporter-output>
          </reporter-output>
        </test-method> <!-- setup -->
        <test-method status="PASS" signature="Tc_Location_City_39_39()[pri:38, instance:ssms.SSMS_Automation.testCase.AdminModule@77caeb3e]" name="Tc_Location_City_39_39" duration-ms="56062" started-at="2019-12-04T20:01:46Z" description="Check the  radio checkbox switcher gets selected using mouse cursor action" finished-at="2019-12-04T20:02:42Z">
          <reporter-output>
          </reporter-output>
        </test-method> <!-- Tc_Location_City_39_39 -->
        <test-method status="PASS" signature="tearDown()[pri:0, instance:ssms.SSMS_Automation.testCase.AdminModule@77caeb3e]" name="tearDown" is-config="true" duration-ms="813" started-at="2019-12-04T20:02:42Z" finished-at="2019-12-04T20:02:43Z">
          <reporter-output>
          </reporter-output>
        </test-method> <!-- tearDown -->
        <test-method status="PASS" signature="setup()[pri:0, instance:ssms.SSMS_Automation.testCase.AdminModule@77caeb3e]" name="setup" is-config="true" duration-ms="10002" started-at="2019-12-04T20:02:43Z" finished-at="2019-12-04T20:02:53Z">
          <reporter-output>
          </reporter-output>
        </test-method> <!-- setup -->
        <test-method status="PASS" signature="Tc_Location_City_42_42()[pri:39, instance:ssms.SSMS_Automation.testCase.AdminModule@77caeb3e]" name="Tc_Location_City_42_42" duration-ms="38684" started-at="2019-12-04T20:02:53Z" description="Appearance of Edit Row UI" finished-at="2019-12-04T20:03:32Z">
          <reporter-output>
          </reporter-output>
        </test-method> <!-- Tc_Location_City_42_42 -->
        <test-method status="PASS" signature="tearDown()[pri:0, instance:ssms.SSMS_Automation.testCase.AdminModule@77caeb3e]" name="tearDown" is-config="true" duration-ms="869" started-at="2019-12-04T20:03:32Z" finished-at="2019-12-04T20:03:32Z">
          <reporter-output>
          </reporter-output>
        </test-method> <!-- tearDown -->
        <test-method status="PASS" signature="setup()[pri:0, instance:ssms.SSMS_Automation.testCase.AdminModule@77caeb3e]" name="setup" is-config="true" duration-ms="9847" started-at="2019-12-04T20:03:32Z" finished-at="2019-12-04T20:03:42Z">
          <reporter-output>
          </reporter-output>
        </test-method> <!-- setup -->
        <test-method status="PASS" signature="Tc_Location_City_43_43()[pri:40, instance:ssms.SSMS_Automation.testCase.AdminModule@77caeb3e]" name="Tc_Location_City_43_43" duration-ms="83436" started-at="2019-12-04T20:03:42Z" description="Edit city with valid data" finished-at="2019-12-04T20:05:06Z">
          <reporter-output>
          </reporter-output>
        </test-method> <!-- Tc_Location_City_43_43 -->
        <test-method status="PASS" signature="tearDown()[pri:0, instance:ssms.SSMS_Automation.testCase.AdminModule@77caeb3e]" name="tearDown" is-config="true" duration-ms="831" started-at="2019-12-04T20:05:06Z" finished-at="2019-12-04T20:05:07Z">
          <reporter-output>
          </reporter-output>
        </test-method> <!-- tearDown -->
        <test-method status="PASS" signature="setup()[pri:0, instance:ssms.SSMS_Automation.testCase.AdminModule@77caeb3e]" name="setup" is-config="true" duration-ms="9779" started-at="2019-12-04T20:05:07Z" finished-at="2019-12-04T20:05:16Z">
          <reporter-output>
          </reporter-output>
        </test-method> <!-- setup -->
        <test-method status="PASS" signature="Tc_Location_City_44_44()[pri:41, instance:ssms.SSMS_Automation.testCase.AdminModule@77caeb3e]" name="Tc_Location_City_44_44" duration-ms="58616" started-at="2019-12-04T20:05:16Z" description="Cancle Edited City" finished-at="2019-12-04T20:06:15Z">
          <reporter-output>
          </reporter-output>
        </test-method> <!-- Tc_Location_City_44_44 -->
        <test-method status="PASS" signature="tearDown()[pri:0, instance:ssms.SSMS_Automation.testCase.AdminModule@77caeb3e]" name="tearDown" is-config="true" duration-ms="777" started-at="2019-12-04T20:06:15Z" finished-at="2019-12-04T20:06:16Z">
          <reporter-output>
          </reporter-output>
        </test-method> <!-- tearDown -->
        <test-method status="PASS" signature="setup()[pri:0, instance:ssms.SSMS_Automation.testCase.AdminModule@77caeb3e]" name="setup" is-config="true" duration-ms="9992" started-at="2019-12-04T20:06:16Z" finished-at="2019-12-04T20:06:26Z">
          <reporter-output>
          </reporter-output>
        </test-method> <!-- setup -->
        <test-method status="PASS" signature="Tc_Location_City_45_45()[pri:42, instance:ssms.SSMS_Automation.testCase.AdminModule@77caeb3e]" name="Tc_Location_City_45_45" duration-ms="52637" started-at="2019-12-04T20:06:26Z" description="Edit City with invalied data" finished-at="2019-12-04T20:07:18Z">
          <reporter-output>
          </reporter-output>
        </test-method> <!-- Tc_Location_City_45_45 -->
        <test-method status="PASS" signature="tearDown()[pri:0, instance:ssms.SSMS_Automation.testCase.AdminModule@77caeb3e]" name="tearDown" is-config="true" duration-ms="917" started-at="2019-12-04T20:07:18Z" finished-at="2019-12-04T20:07:19Z">
          <reporter-output>
          </reporter-output>
        </test-method> <!-- tearDown -->
        <test-method status="PASS" signature="setup()[pri:0, instance:ssms.SSMS_Automation.testCase.AdminModule@77caeb3e]" name="setup" is-config="true" duration-ms="10148" started-at="2019-12-04T20:07:19Z" finished-at="2019-12-04T20:07:29Z">
          <reporter-output>
          </reporter-output>
        </test-method> <!-- setup -->
        <test-method status="PASS" signature="Tc_Location_City_46_46()[pri:43, instance:ssms.SSMS_Automation.testCase.AdminModule@77caeb3e]" name="Tc_Location_City_46_46" duration-ms="85053" started-at="2019-12-04T20:07:29Z" description="Appearance of Delete Row UI" finished-at="2019-12-04T20:08:54Z">
          <reporter-output>
          </reporter-output>
        </test-method> <!-- Tc_Location_City_46_46 -->
        <test-method status="PASS" signature="tearDown()[pri:0, instance:ssms.SSMS_Automation.testCase.AdminModule@77caeb3e]" name="tearDown" is-config="true" duration-ms="771" started-at="2019-12-04T20:08:54Z" finished-at="2019-12-04T20:08:55Z">
          <reporter-output>
          </reporter-output>
        </test-method> <!-- tearDown -->
        <test-method status="PASS" signature="setup()[pri:0, instance:ssms.SSMS_Automation.testCase.AdminModule@77caeb3e]" name="setup" is-config="true" duration-ms="13247" started-at="2019-12-04T20:08:55Z" finished-at="2019-12-04T20:09:08Z">
          <reporter-output>
          </reporter-output>
        </test-method> <!-- setup -->
        <test-method status="PASS" signature="Tc_Location_City_47_47()[pri:44, instance:ssms.SSMS_Automation.testCase.AdminModule@77caeb3e]" name="Tc_Location_City_47_47" duration-ms="84940" started-at="2019-12-04T20:09:08Z" description="Functionality of &#039;Yes&#039; button" finished-at="2019-12-04T20:10:33Z">
          <reporter-output>
          </reporter-output>
        </test-method> <!-- Tc_Location_City_47_47 -->
        <test-method status="PASS" signature="tearDown()[pri:0, instance:ssms.SSMS_Automation.testCase.AdminModule@77caeb3e]" name="tearDown" is-config="true" duration-ms="857" started-at="2019-12-04T20:10:33Z" finished-at="2019-12-04T20:10:34Z">
          <reporter-output>
          </reporter-output>
        </test-method> <!-- tearDown -->
        <test-method status="PASS" signature="setup()[pri:0, instance:ssms.SSMS_Automation.testCase.AdminModule@77caeb3e]" name="setup" is-config="true" duration-ms="13910" started-at="2019-12-04T20:10:34Z" finished-at="2019-12-04T20:10:48Z">
          <reporter-output>
          </reporter-output>
        </test-method> <!-- setup -->
        <test-method status="PASS" signature="Tc_Location_City_48_48()[pri:45, instance:ssms.SSMS_Automation.testCase.AdminModule@77caeb3e]" name="Tc_Location_City_48_48" duration-ms="92864" started-at="2019-12-04T20:10:48Z" description="Functionality of Undo option" finished-at="2019-12-04T20:12:21Z">
          <reporter-output>
          </reporter-output>
        </test-method> <!-- Tc_Location_City_48_48 -->
        <test-method status="PASS" signature="tearDown()[pri:0, instance:ssms.SSMS_Automation.testCase.AdminModule@77caeb3e]" name="tearDown" is-config="true" duration-ms="761" started-at="2019-12-04T20:12:21Z" finished-at="2019-12-04T20:12:22Z">
          <reporter-output>
          </reporter-output>
        </test-method> <!-- tearDown -->
        <test-method status="PASS" signature="setup()[pri:0, instance:ssms.SSMS_Automation.testCase.AdminModule@77caeb3e]" name="setup" is-config="true" duration-ms="13544" started-at="2019-12-04T20:12:22Z" finished-at="2019-12-04T20:12:35Z">
          <reporter-output>
          </reporter-output>
        </test-method> <!-- setup -->
        <test-method status="PASS" signature="Tc_Location_City_49_49()[pri:46, instance:ssms.SSMS_Automation.testCase.AdminModule@77caeb3e]" name="Tc_Location_City_49_49" duration-ms="101590" started-at="2019-12-04T20:12:35Z" description="Functionality of Undo option" finished-at="2019-12-04T20:14:17Z">
          <reporter-output>
          </reporter-output>
        </test-method> <!-- Tc_Location_City_49_49 -->
        <test-method status="PASS" signature="tearDown()[pri:0, instance:ssms.SSMS_Automation.testCase.AdminModule@77caeb3e]" name="tearDown" is-config="true" duration-ms="792" started-at="2019-12-04T20:14:17Z" finished-at="2019-12-04T20:14:18Z">
          <reporter-output>
          </reporter-output>
        </test-method> <!-- tearDown -->
        <test-method status="PASS" signature="setup()[pri:0, instance:ssms.SSMS_Automation.testCase.AdminModule@77caeb3e]" name="setup" is-config="true" duration-ms="13523" started-at="2019-12-04T20:14:18Z" finished-at="2019-12-04T20:14:31Z">
          <reporter-output>
          </reporter-output>
        </test-method> <!-- setup -->
        <test-method status="PASS" signature="Tc_Location_City_50_50()[pri:47, instance:ssms.SSMS_Automation.testCase.AdminModule@77caeb3e]" name="Tc_Location_City_50_50" duration-ms="127177" started-at="2019-12-04T20:14:31Z" description="Functionality of View timelines" finished-at="2019-12-04T20:16:38Z">
          <reporter-output>
          </reporter-output>
        </test-method> <!-- Tc_Location_City_50_50 -->
        <test-method status="PASS" signature="tearDown()[pri:0, instance:ssms.SSMS_Automation.testCase.AdminModule@77caeb3e]" name="tearDown" is-config="true" duration-ms="814" started-at="2019-12-04T20:16:38Z" finished-at="2019-12-04T20:16:39Z">
          <reporter-output>
          </reporter-output>
        </test-method> <!-- tearDown -->
        <test-method status="PASS" signature="setup()[pri:0, instance:ssms.SSMS_Automation.testCase.AdminModule@77caeb3e]" name="setup" is-config="true" duration-ms="13443" started-at="2019-12-04T20:16:39Z" finished-at="2019-12-04T20:16:53Z">
          <reporter-output>
          </reporter-output>
        </test-method> <!-- setup -->
        <test-method status="PASS" signature="Tc_Location_City_51_51()[pri:48, instance:ssms.SSMS_Automation.testCase.AdminModule@77caeb3e]" name="Tc_Location_City_51_51" duration-ms="87280" started-at="2019-12-04T20:16:53Z" description="Functionality of Search Icon" finished-at="2019-12-04T20:18:20Z">
          <reporter-output>
          </reporter-output>
        </test-method> <!-- Tc_Location_City_51_51 -->
        <test-method status="PASS" signature="tearDown()[pri:0, instance:ssms.SSMS_Automation.testCase.AdminModule@77caeb3e]" name="tearDown" is-config="true" duration-ms="797" started-at="2019-12-04T20:18:20Z" finished-at="2019-12-04T20:18:21Z">
          <reporter-output>
          </reporter-output>
        </test-method> <!-- tearDown -->
        <test-method status="PASS" signature="setup()[pri:0, instance:ssms.SSMS_Automation.testCase.AdminModule@77caeb3e]" name="setup" is-config="true" duration-ms="13663" started-at="2019-12-04T20:18:21Z" finished-at="2019-12-04T20:18:34Z">
          <reporter-output>
          </reporter-output>
        </test-method> <!-- setup -->
        <test-method status="PASS" signature="Tc_Location_Area_51_51()[pri:49, instance:ssms.SSMS_Automation.testCase.AdminModule@77caeb3e]" name="Tc_Location_Area_51_51" duration-ms="40561" started-at="2019-12-04T20:18:34Z" description="Appearance of Create Area UI" finished-at="2019-12-04T20:19:15Z">
          <reporter-output>
          </reporter-output>
        </test-method> <!-- Tc_Location_Area_51_51 -->
        <test-method status="PASS" signature="tearDown()[pri:0, instance:ssms.SSMS_Automation.testCase.AdminModule@77caeb3e]" name="tearDown" is-config="true" duration-ms="788" started-at="2019-12-04T20:19:15Z" finished-at="2019-12-04T20:19:16Z">
          <reporter-output>
          </reporter-output>
        </test-method> <!-- tearDown -->
        <test-method status="PASS" signature="setup()[pri:0, instance:ssms.SSMS_Automation.testCase.AdminModule@77caeb3e]" name="setup" is-config="true" duration-ms="13641" started-at="2019-12-04T20:19:16Z" finished-at="2019-12-04T20:19:29Z">
          <reporter-output>
          </reporter-output>
        </test-method> <!-- setup -->
        <test-method status="PASS" signature="Tc_Location_Area_52_52()[pri:50, instance:ssms.SSMS_Automation.testCase.AdminModule@77caeb3e]" name="Tc_Location_Area_52_52" duration-ms="42927" started-at="2019-12-04T20:19:29Z" description="Validation on length of textbox" finished-at="2019-12-04T20:20:12Z">
          <reporter-output>
          </reporter-output>
        </test-method> <!-- Tc_Location_Area_52_52 -->
        <test-method status="PASS" signature="tearDown()[pri:0, instance:ssms.SSMS_Automation.testCase.AdminModule@77caeb3e]" name="tearDown" is-config="true" duration-ms="800" started-at="2019-12-04T20:20:12Z" finished-at="2019-12-04T20:20:13Z">
          <reporter-output>
          </reporter-output>
        </test-method> <!-- tearDown -->
        <test-method status="PASS" signature="setup()[pri:0, instance:ssms.SSMS_Automation.testCase.AdminModule@77caeb3e]" name="setup" is-config="true" duration-ms="12673" started-at="2019-12-04T20:20:13Z" finished-at="2019-12-04T20:20:26Z">
          <reporter-output>
          </reporter-output>
        </test-method> <!-- setup -->
        <test-method status="FAIL" signature="Tc_Location_Area_53_53()[pri:51, instance:ssms.SSMS_Automation.testCase.AdminModule@77caeb3e]" name="Tc_Location_Area_53_53" duration-ms="43778" started-at="2019-12-04T20:20:26Z" description="Validation on data type of  textbox" finished-at="2019-12-04T20:21:10Z">
          <exception class="java.lang.AssertionError">
            <message>
              <![CDATA[Fail due to exception element click intercepted: Element <span class="mat-option-text">...</span> is not clickable at point (484, 438). Other element would receive the click: <div class="cdk-overlay-backdrop cdk-overlay-transparent-backdrop cdk-overlay-backdrop-showing"></div>
  (Session info: chrome=78.0.3904.108)
Build info: version: '3.4.0', revision: 'unknown', time: 'unknown'
System info: host: 'RAJ-PC', ip: '192.168.0.3', os.name: 'Windows 7', os.arch: 'amd64', os.version: '6.1', java.version: '1.8.0_151'
Driver info: org.openqa.selenium.chrome.ChromeDriver
Capabilities [{networkConnectionEnabled=false, chrome={chromedriverVersion=78.0.3904.70 (edb9c9f3de0247fd912a77b7f6cae7447f6d3ad5-refs/branch-heads/3904@{#800}), userDataDir=C:\Users\RAJ\AppData\Local\Temp\scoped_dir7552_220946438}, timeouts={implicit=0.0, pageLoad=300000.0, script=30000.0}, pageLoadStrategy=normal, unhandledPromptBehavior=dismiss and notify, strictFileInteractability=false, platform=ANY, proxy=Proxy(), goog:chromeOptions={debuggerAddress=localhost:4452}, acceptInsecureCerts=false, browserVersion=78.0.3904.108, browserName=chrome, javascriptEnabled=true, platformName=windows nt, setWindowRect=true}]
Session ID: c9b92f003a58e1c0c67df60991e2e1ac]]>
            </message>
            <full-stacktrace>
              <![CDATA[java.lang.AssertionError: Fail due to exception element click intercepted: Element <span class="mat-option-text">...</span> is not clickable at point (484, 438). Other element would receive the click: <div class="cdk-overlay-backdrop cdk-overlay-transparent-backdrop cdk-overlay-backdrop-showing"></div>
  (Session info: chrome=78.0.3904.108)
Build info: version: '3.4.0', revision: 'unknown', time: 'unknown'
System info: host: 'RAJ-PC', ip: '192.168.0.3', os.name: 'Windows 7', os.arch: 'amd64', os.version: '6.1', java.version: '1.8.0_151'
Driver info: org.openqa.selenium.chrome.ChromeDriver
Capabilities [{networkConnectionEnabled=false, chrome={chromedriverVersion=78.0.3904.70 (edb9c9f3de0247fd912a77b7f6cae7447f6d3ad5-refs/branch-heads/3904@{#800}), userDataDir=C:\Users\RAJ\AppData\Local\Temp\scoped_dir7552_220946438}, timeouts={implicit=0.0, pageLoad=300000.0, script=30000.0}, pageLoadStrategy=normal, unhandledPromptBehavior=dismiss and notify, strictFileInteractability=false, platform=ANY, proxy=Proxy(), goog:chromeOptions={debuggerAddress=localhost:4452}, acceptInsecureCerts=false, browserVersion=78.0.3904.108, browserName=chrome, javascriptEnabled=true, platformName=windows nt, setWindowRect=true}]
Session ID: c9b92f003a58e1c0c67df60991e2e1ac
	at org.testng.Assert.fail(Assert.java:94)
	at ssms.SSMS_Automation.modules.AdminCityModulePage.stateSelect(AdminCityModulePage.java:210)
	at ssms.SSMS_Automation.modules.AdminAreaModulePage.selectCityWithState(AdminAreaModulePage.java:144)
	at ssms.SSMS_Automation.testCase.AdminModule.Tc_Location_Area_53_53(AdminModule.java:539)
	at sun.reflect.NativeMethodAccessorImpl.invoke0(Native Method)
	at sun.reflect.NativeMethodAccessorImpl.invoke(NativeMethodAccessorImpl.java:62)
	at sun.reflect.DelegatingMethodAccessorImpl.invoke(DelegatingMethodAccessorImpl.java:43)
	at java.lang.reflect.Method.invoke(Method.java:498)
	at org.testng.internal.MethodInvocationHelper.invokeMethod(MethodInvocationHelper.java:85)
	at org.testng.internal.Invoker.invokeMethod(Invoker.java:639)
	at org.testng.internal.Invoker.invokeTestMethod(Invoker.java:816)
	at org.testng.internal.Invoker.invokeTestMethods(Invoker.java:1124)
	at org.testng.internal.TestMethodWorker.invokeTestMethods(TestMethodWorker.java:125)
	at org.testng.internal.TestMethodWorker.run(TestMethodWorker.java:108)
	at org.testng.TestRunner.privateRun(TestRunner.java:774)
	at org.testng.TestRunner.run(TestRunner.java:624)
	at org.testng.SuiteRunner.runTest(SuiteRunner.java:359)
	at org.testng.SuiteRunner.runSequentially(SuiteRunner.java:354)
	at org.testng.SuiteRunner.privateRun(SuiteRunner.java:312)
	at org.testng.SuiteRunner.run(SuiteRunner.java:261)
	at org.testng.SuiteRunnerWorker.runSuite(SuiteRunnerWorker.java:52)
	at org.testng.SuiteRunnerWorker.run(SuiteRunnerWorker.java:86)
	at org.testng.TestNG.runSuitesSequentially(TestNG.java:1191)
	at org.testng.TestNG.runSuitesLocally(TestNG.java:1116)
	at org.testng.TestNG.run(TestNG.java:1024)
	at org.testng.remote.AbstractRemoteTestNG.run(AbstractRemoteTestNG.java:114)
	at org.testng.remote.RemoteTestNG.initAndRun(RemoteTestNG.java:251)
	at org.testng.remote.RemoteTestNG.main(RemoteTestNG.java:77)
]]>
            </full-stacktrace>
          </exception> <!-- java.lang.AssertionError -->
          <reporter-output>
          </reporter-output>
        </test-method> <!-- Tc_Location_Area_53_53 -->
        <test-method status="PASS" signature="tearDown()[pri:0, instance:ssms.SSMS_Automation.testCase.AdminModule@77caeb3e]" name="tearDown" is-config="true" duration-ms="865" started-at="2019-12-04T20:21:10Z" finished-at="2019-12-04T20:21:10Z">
          <reporter-output>
          </reporter-output>
        </test-method> <!-- tearDown -->
        <test-method status="PASS" signature="setup()[pri:0, instance:ssms.SSMS_Automation.testCase.AdminModule@77caeb3e]" name="setup" is-config="true" duration-ms="13790" started-at="2019-12-04T20:21:10Z" finished-at="2019-12-04T20:21:24Z">
          <reporter-output>
          </reporter-output>
        </test-method> <!-- setup -->
        <test-method status="PASS" signature="Tc_Location_Area_54_54()[pri:52, instance:ssms.SSMS_Automation.testCase.AdminModule@77caeb3e]" name="Tc_Location_Area_54_54" duration-ms="53667" started-at="2019-12-04T20:21:24Z" description="Validate  Existing &#039;City&#039; name with already existing  &#039;State&#039;  within same State" finished-at="2019-12-04T20:22:18Z">
          <reporter-output>
          </reporter-output>
        </test-method> <!-- Tc_Location_Area_54_54 -->
        <test-method status="PASS" signature="tearDown()[pri:0, instance:ssms.SSMS_Automation.testCase.AdminModule@77caeb3e]" name="tearDown" is-config="true" duration-ms="791" started-at="2019-12-04T20:22:18Z" finished-at="2019-12-04T20:22:19Z">
          <reporter-output>
          </reporter-output>
        </test-method> <!-- tearDown -->
        <test-method status="PASS" signature="setup()[pri:0, instance:ssms.SSMS_Automation.testCase.AdminModule@77caeb3e]" name="setup" is-config="true" duration-ms="18357" started-at="2019-12-04T20:22:19Z" finished-at="2019-12-04T20:22:37Z">
          <reporter-output>
          </reporter-output>
        </test-method> <!-- setup -->
        <test-method status="PASS" signature="Tc_Location_Area_55_55()[pri:53, instance:ssms.SSMS_Automation.testCase.AdminModule@77caeb3e]" name="Tc_Location_Area_55_55" duration-ms="41103" started-at="2019-12-04T20:22:37Z" description="Check  for Drop down box " finished-at="2019-12-04T20:23:18Z">
          <reporter-output>
          </reporter-output>
        </test-method> <!-- Tc_Location_Area_55_55 -->
        <test-method status="PASS" signature="tearDown()[pri:0, instance:ssms.SSMS_Automation.testCase.AdminModule@77caeb3e]" name="tearDown" is-config="true" duration-ms="886" started-at="2019-12-04T20:23:18Z" finished-at="2019-12-04T20:23:19Z">
          <reporter-output>
          </reporter-output>
        </test-method> <!-- tearDown -->
        <test-method status="PASS" signature="setup()[pri:0, instance:ssms.SSMS_Automation.testCase.AdminModule@77caeb3e]" name="setup" is-config="true" duration-ms="16787" started-at="2019-12-04T20:23:19Z" finished-at="2019-12-04T20:23:36Z">
          <reporter-output>
          </reporter-output>
        </test-method> <!-- setup -->
        <test-method status="PASS" signature="Tc_Location_Area_56_56()[pri:54, instance:ssms.SSMS_Automation.testCase.AdminModule@77caeb3e]" name="Tc_Location_Area_56_56" duration-ms="41542" started-at="2019-12-04T20:23:36Z" description="Mendatory Fields without data" finished-at="2019-12-04T20:24:17Z">
          <reporter-output>
          </reporter-output>
        </test-method> <!-- Tc_Location_Area_56_56 -->
        <test-method status="PASS" signature="tearDown()[pri:0, instance:ssms.SSMS_Automation.testCase.AdminModule@77caeb3e]" name="tearDown" is-config="true" duration-ms="857" started-at="2019-12-04T20:24:17Z" finished-at="2019-12-04T20:24:18Z">
          <reporter-output>
          </reporter-output>
        </test-method> <!-- tearDown -->
        <test-method status="PASS" signature="setup()[pri:0, instance:ssms.SSMS_Automation.testCase.AdminModule@77caeb3e]" name="setup" is-config="true" duration-ms="11285" started-at="2019-12-04T20:24:18Z" finished-at="2019-12-04T20:24:30Z">
          <reporter-output>
          </reporter-output>
        </test-method> <!-- setup -->
        <test-method status="PASS" signature="Tc_Location_Area_58_58()[pri:55, instance:ssms.SSMS_Automation.testCase.AdminModule@77caeb3e]" name="Tc_Location_Area_58_58" duration-ms="60345" started-at="2019-12-04T20:24:30Z" description="Textbox with a clear (x) button" finished-at="2019-12-04T20:25:30Z">
          <reporter-output>
          </reporter-output>
        </test-method> <!-- Tc_Location_Area_58_58 -->
        <test-method status="PASS" signature="tearDown()[pri:0, instance:ssms.SSMS_Automation.testCase.AdminModule@77caeb3e]" name="tearDown" is-config="true" duration-ms="796" started-at="2019-12-04T20:25:30Z" finished-at="2019-12-04T20:25:31Z">
          <reporter-output>
          </reporter-output>
        </test-method> <!-- tearDown -->
        <test-method status="PASS" signature="setup()[pri:0, instance:ssms.SSMS_Automation.testCase.AdminModule@77caeb3e]" name="setup" is-config="true" duration-ms="11291" started-at="2019-12-04T20:25:31Z" finished-at="2019-12-04T20:25:42Z">
          <reporter-output>
          </reporter-output>
        </test-method> <!-- setup -->
        <test-method status="PASS" signature="Tc_Location_Area_59_59()[pri:56, instance:ssms.SSMS_Automation.testCase.AdminModule@77caeb3e]" name="Tc_Location_Area_59_59" duration-ms="92818" started-at="2019-12-04T20:25:42Z" description="Create Area with valied data" finished-at="2019-12-04T20:27:15Z">
          <reporter-output>
          </reporter-output>
        </test-method> <!-- Tc_Location_Area_59_59 -->
        <test-method status="PASS" signature="tearDown()[pri:0, instance:ssms.SSMS_Automation.testCase.AdminModule@77caeb3e]" name="tearDown" is-config="true" duration-ms="770" started-at="2019-12-04T20:27:15Z" finished-at="2019-12-04T20:27:16Z">
          <reporter-output>
          </reporter-output>
        </test-method> <!-- tearDown -->
        <test-method status="PASS" signature="setup()[pri:0, instance:ssms.SSMS_Automation.testCase.AdminModule@77caeb3e]" name="setup" is-config="true" duration-ms="11069" started-at="2019-12-04T20:27:16Z" finished-at="2019-12-04T20:27:27Z">
          <reporter-output>
          </reporter-output>
        </test-method> <!-- setup -->
        <test-method status="PASS" signature="Tc_Location_Area_60_60()[pri:58, instance:ssms.SSMS_Automation.testCase.AdminModule@77caeb3e]" name="Tc_Location_Area_60_60" duration-ms="52474" started-at="2019-12-04T20:27:27Z" description="Create City with  invalied data" finished-at="2019-12-04T20:28:19Z">
          <reporter-output>
          </reporter-output>
        </test-method> <!-- Tc_Location_Area_60_60 -->
        <test-method status="PASS" signature="tearDown()[pri:0, instance:ssms.SSMS_Automation.testCase.AdminModule@77caeb3e]" name="tearDown" is-config="true" duration-ms="767" started-at="2019-12-04T20:28:19Z" finished-at="2019-12-04T20:28:20Z">
          <reporter-output>
          </reporter-output>
        </test-method> <!-- tearDown -->
        <test-method status="PASS" signature="setup()[pri:0, instance:ssms.SSMS_Automation.testCase.AdminModule@77caeb3e]" name="setup" is-config="true" duration-ms="11184" started-at="2019-12-04T20:28:20Z" finished-at="2019-12-04T20:28:31Z">
          <reporter-output>
          </reporter-output>
        </test-method> <!-- setup -->
        <test-method status="PASS" signature="Tc_Location_Area_61_61()[pri:59, instance:ssms.SSMS_Automation.testCase.AdminModule@77caeb3e]" name="Tc_Location_Area_61_61" duration-ms="45814" started-at="2019-12-04T20:28:31Z" description="Create Area with invalied data" finished-at="2019-12-04T20:29:17Z">
          <reporter-output>
          </reporter-output>
        </test-method> <!-- Tc_Location_Area_61_61 -->
        <test-method status="PASS" signature="tearDown()[pri:0, instance:ssms.SSMS_Automation.testCase.AdminModule@77caeb3e]" name="tearDown" is-config="true" duration-ms="865" started-at="2019-12-04T20:29:17Z" finished-at="2019-12-04T20:29:18Z">
          <reporter-output>
          </reporter-output>
        </test-method> <!-- tearDown -->
        <test-method status="PASS" signature="setup()[pri:0, instance:ssms.SSMS_Automation.testCase.AdminModule@77caeb3e]" name="setup" is-config="true" duration-ms="11286" started-at="2019-12-04T20:29:18Z" finished-at="2019-12-04T20:29:29Z">
          <reporter-output>
          </reporter-output>
        </test-method> <!-- setup -->
        <test-method status="PASS" signature="Tc_Location_Area_62_62()[pri:60, instance:ssms.SSMS_Automation.testCase.AdminModule@77caeb3e]" name="Tc_Location_Area_62_62" duration-ms="41424" started-at="2019-12-04T20:29:29Z" description="Create Area without giving any data" finished-at="2019-12-04T20:30:10Z">
          <reporter-output>
          </reporter-output>
        </test-method> <!-- Tc_Location_Area_62_62 -->
        <test-method status="PASS" signature="tearDown()[pri:0, instance:ssms.SSMS_Automation.testCase.AdminModule@77caeb3e]" name="tearDown" is-config="true" duration-ms="808" started-at="2019-12-04T20:30:10Z" finished-at="2019-12-04T20:30:11Z">
          <reporter-output>
          </reporter-output>
        </test-method> <!-- tearDown -->
        <test-method status="PASS" signature="setup()[pri:0, instance:ssms.SSMS_Automation.testCase.AdminModule@77caeb3e]" name="setup" is-config="true" duration-ms="10065" started-at="2019-12-04T20:30:11Z" finished-at="2019-12-04T20:30:21Z">
          <reporter-output>
          </reporter-output>
        </test-method> <!-- setup -->
        <test-method status="PASS" signature="Tc_Location_Area_63_63()[pri:61, instance:ssms.SSMS_Automation.testCase.AdminModule@77caeb3e]" name="Tc_Location_Area_63_63" duration-ms="55847" started-at="2019-12-04T20:30:21Z" description="&#039;Cancle&#039; With data in all field" finished-at="2019-12-04T20:31:17Z">
          <reporter-output>
          </reporter-output>
        </test-method> <!-- Tc_Location_Area_63_63 -->
        <test-method status="PASS" signature="tearDown()[pri:0, instance:ssms.SSMS_Automation.testCase.AdminModule@77caeb3e]" name="tearDown" is-config="true" duration-ms="774" started-at="2019-12-04T20:31:17Z" finished-at="2019-12-04T20:31:18Z">
          <reporter-output>
          </reporter-output>
        </test-method> <!-- tearDown -->
        <test-method status="PASS" signature="setup()[pri:0, instance:ssms.SSMS_Automation.testCase.AdminModule@77caeb3e]" name="setup" is-config="true" duration-ms="9826" started-at="2019-12-04T20:31:18Z" finished-at="2019-12-04T20:31:28Z">
          <reporter-output>
          </reporter-output>
        </test-method> <!-- setup -->
        <test-method status="PASS" signature="Tc_Location_Area_64_64()[pri:62, instance:ssms.SSMS_Automation.testCase.AdminModule@77caeb3e]" name="Tc_Location_Area_64_64" duration-ms="38471" started-at="2019-12-04T20:31:28Z" description="Cancle&#039; without data in all fields " finished-at="2019-12-04T20:32:06Z">
          <reporter-output>
          </reporter-output>
        </test-method> <!-- Tc_Location_Area_64_64 -->
        <test-method status="PASS" signature="tearDown()[pri:0, instance:ssms.SSMS_Automation.testCase.AdminModule@77caeb3e]" name="tearDown" is-config="true" duration-ms="791" started-at="2019-12-04T20:32:06Z" finished-at="2019-12-04T20:32:07Z">
          <reporter-output>
          </reporter-output>
        </test-method> <!-- tearDown -->
        <test-method status="PASS" signature="setup()[pri:0, instance:ssms.SSMS_Automation.testCase.AdminModule@77caeb3e]" name="setup" is-config="true" duration-ms="9990" started-at="2019-12-04T20:32:07Z" finished-at="2019-12-04T20:32:17Z">
          <reporter-output>
          </reporter-output>
        </test-method> <!-- setup -->
        <test-method status="PASS" signature="Tc_Location_Area_65_65()[pri:63, instance:ssms.SSMS_Automation.testCase.AdminModule@77caeb3e]" name="Tc_Location_Area_65_65" duration-ms="106416" started-at="2019-12-04T20:32:17Z" description="Check if the  user response of YES or NO  are saved in the right data base coloumn" finished-at="2019-12-04T20:34:03Z">
          <reporter-output>
          </reporter-output>
        </test-method> <!-- Tc_Location_Area_65_65 -->
        <test-method status="PASS" signature="tearDown()[pri:0, instance:ssms.SSMS_Automation.testCase.AdminModule@77caeb3e]" name="tearDown" is-config="true" duration-ms="780" started-at="2019-12-04T20:34:03Z" finished-at="2019-12-04T20:34:04Z">
          <reporter-output>
          </reporter-output>
        </test-method> <!-- tearDown -->
        <test-method status="PASS" signature="setup()[pri:0, instance:ssms.SSMS_Automation.testCase.AdminModule@77caeb3e]" name="setup" is-config="true" duration-ms="10074" started-at="2019-12-04T20:34:04Z" finished-at="2019-12-04T20:34:14Z">
          <reporter-output>
          </reporter-output>
        </test-method> <!-- setup -->
        <test-method status="PASS" signature="Tc_Location_Area_66_66()[pri:64, instance:ssms.SSMS_Automation.testCase.AdminModule@77caeb3e]" name="Tc_Location_Area_66_66" duration-ms="56011" started-at="2019-12-04T20:34:14Z" description="Check the radio button allows for more then one selection" finished-at="2019-12-04T20:35:10Z">
          <reporter-output>
          </reporter-output>
        </test-method> <!-- Tc_Location_Area_66_66 -->
        <test-method status="PASS" signature="tearDown()[pri:0, instance:ssms.SSMS_Automation.testCase.AdminModule@77caeb3e]" name="tearDown" is-config="true" duration-ms="781" started-at="2019-12-04T20:35:10Z" finished-at="2019-12-04T20:35:11Z">
          <reporter-output>
          </reporter-output>
        </test-method> <!-- tearDown -->
        <test-method status="PASS" signature="setup()[pri:0, instance:ssms.SSMS_Automation.testCase.AdminModule@77caeb3e]" name="setup" is-config="true" duration-ms="10256" started-at="2019-12-04T20:35:11Z" finished-at="2019-12-04T20:35:21Z">
          <reporter-output>
          </reporter-output>
        </test-method> <!-- setup -->
        <test-method status="PASS" signature="Tc_Location_Area_69_69()[pri:65, instance:ssms.SSMS_Automation.testCase.AdminModule@77caeb3e]" name="Tc_Location_Area_69_69" duration-ms="37810" started-at="2019-12-04T20:35:21Z" description="Area : Appearance of Edit Row UI" finished-at="2019-12-04T20:35:59Z">
          <reporter-output>
          </reporter-output>
        </test-method> <!-- Tc_Location_Area_69_69 -->
        <test-method status="PASS" signature="tearDown()[pri:0, instance:ssms.SSMS_Automation.testCase.AdminModule@77caeb3e]" name="tearDown" is-config="true" duration-ms="771" started-at="2019-12-04T20:35:59Z" finished-at="2019-12-04T20:36:00Z">
          <reporter-output>
          </reporter-output>
        </test-method> <!-- tearDown -->
        <test-method status="PASS" signature="setup()[pri:0, instance:ssms.SSMS_Automation.testCase.AdminModule@77caeb3e]" name="setup" is-config="true" duration-ms="10214" started-at="2019-12-04T20:36:00Z" finished-at="2019-12-04T20:36:10Z">
          <reporter-output>
          </reporter-output>
        </test-method> <!-- setup -->
        <test-method status="FAIL" signature="Tc_Location_Area_70_70()[pri:66, instance:ssms.SSMS_Automation.testCase.AdminModule@77caeb3e]" name="Tc_Location_Area_70_70" duration-ms="67033" started-at="2019-12-04T20:36:10Z" description="Edit Area with valid data" finished-at="2019-12-04T20:37:17Z">
          <exception class="java.lang.AssertionError">
            <message>
              <![CDATA[Fail due to exception element click intercepted: Element <mat-select _ngcontent-c37="" class="mat-select ng-tns-c40-73 ng-valid ng-star-inserted mat-select-empty ng-touched ng-dirty" role="listbox" id="mat-select-2" tabindex="0" aria-labelledby="mat-form-field-label-23" aria-required="false" aria-disabled="false" aria-invalid="false" aria-multiselectable="false" aria-describedby="mat-hint-1">...</mat-select> is not clickable at point (496, 201). Other element would receive the click: <div class="cdk-overlay-backdrop cdk-overlay-transparent-backdrop cdk-overlay-backdrop-showing"></div>
  (Session info: chrome=78.0.3904.108)
Build info: version: '3.4.0', revision: 'unknown', time: 'unknown'
System info: host: 'RAJ-PC', ip: '192.168.0.3', os.name: 'Windows 7', os.arch: 'amd64', os.version: '6.1', java.version: '1.8.0_151'
Driver info: org.openqa.selenium.chrome.ChromeDriver
Capabilities [{networkConnectionEnabled=false, chrome={chromedriverVersion=78.0.3904.70 (edb9c9f3de0247fd912a77b7f6cae7447f6d3ad5-refs/branch-heads/3904@{#800}), userDataDir=C:\Users\RAJ\AppData\Local\Temp\scoped_dir5244_2053519945}, timeouts={implicit=0.0, pageLoad=300000.0, script=30000.0}, pageLoadStrategy=normal, unhandledPromptBehavior=dismiss and notify, strictFileInteractability=false, platform=ANY, proxy=Proxy(), goog:chromeOptions={debuggerAddress=localhost:5790}, acceptInsecureCerts=false, browserVersion=78.0.3904.108, browserName=chrome, javascriptEnabled=true, platformName=windows nt, setWindowRect=true}]
Session ID: ad78f5a2c5d7bbd6cd7624174e57d8d3]]>
            </message>
            <full-stacktrace>
              <![CDATA[java.lang.AssertionError: Fail due to exception element click intercepted: Element <mat-select _ngcontent-c37="" class="mat-select ng-tns-c40-73 ng-valid ng-star-inserted mat-select-empty ng-touched ng-dirty" role="listbox" id="mat-select-2" tabindex="0" aria-labelledby="mat-form-field-label-23" aria-required="false" aria-disabled="false" aria-invalid="false" aria-multiselectable="false" aria-describedby="mat-hint-1">...</mat-select> is not clickable at point (496, 201). Other element would receive the click: <div class="cdk-overlay-backdrop cdk-overlay-transparent-backdrop cdk-overlay-backdrop-showing"></div>
  (Session info: chrome=78.0.3904.108)
Build info: version: '3.4.0', revision: 'unknown', time: 'unknown'
System info: host: 'RAJ-PC', ip: '192.168.0.3', os.name: 'Windows 7', os.arch: 'amd64', os.version: '6.1', java.version: '1.8.0_151'
Driver info: org.openqa.selenium.chrome.ChromeDriver
Capabilities [{networkConnectionEnabled=false, chrome={chromedriverVersion=78.0.3904.70 (edb9c9f3de0247fd912a77b7f6cae7447f6d3ad5-refs/branch-heads/3904@{#800}), userDataDir=C:\Users\RAJ\AppData\Local\Temp\scoped_dir5244_2053519945}, timeouts={implicit=0.0, pageLoad=300000.0, script=30000.0}, pageLoadStrategy=normal, unhandledPromptBehavior=dismiss and notify, strictFileInteractability=false, platform=ANY, proxy=Proxy(), goog:chromeOptions={debuggerAddress=localhost:5790}, acceptInsecureCerts=false, browserVersion=78.0.3904.108, browserName=chrome, javascriptEnabled=true, platformName=windows nt, setWindowRect=true}]
Session ID: ad78f5a2c5d7bbd6cd7624174e57d8d3
	at org.testng.Assert.fail(Assert.java:94)
	at ssms.SSMS_Automation.modules.AdminCityModulePage.stateSelect(AdminCityModulePage.java:210)
	at ssms.SSMS_Automation.modules.AdminAreaModulePage.selectCityWithState(AdminAreaModulePage.java:144)
	at ssms.SSMS_Automation.testCase.AdminModule.Tc_Location_Area_70_70(AdminModule.java:698)
	at sun.reflect.NativeMethodAccessorImpl.invoke0(Native Method)
	at sun.reflect.NativeMethodAccessorImpl.invoke(NativeMethodAccessorImpl.java:62)
	at sun.reflect.DelegatingMethodAccessorImpl.invoke(DelegatingMethodAccessorImpl.java:43)
	at java.lang.reflect.Method.invoke(Method.java:498)
	at org.testng.internal.MethodInvocationHelper.invokeMethod(MethodInvocationHelper.java:85)
	at org.testng.internal.Invoker.invokeMethod(Invoker.java:639)
	at org.testng.internal.Invoker.invokeTestMethod(Invoker.java:816)
	at org.testng.internal.Invoker.invokeTestMethods(Invoker.java:1124)
	at org.testng.internal.TestMethodWorker.invokeTestMethods(TestMethodWorker.java:125)
	at org.testng.internal.TestMethodWorker.run(TestMethodWorker.java:108)
	at org.testng.TestRunner.privateRun(TestRunner.java:774)
	at org.testng.TestRunner.run(TestRunner.java:624)
	at org.testng.SuiteRunner.runTest(SuiteRunner.java:359)
	at org.testng.SuiteRunner.runSequentially(SuiteRunner.java:354)
	at org.testng.SuiteRunner.privateRun(SuiteRunner.java:312)
	at org.testng.SuiteRunner.run(SuiteRunner.java:261)
	at org.testng.SuiteRunnerWorker.runSuite(SuiteRunnerWorker.java:52)
	at org.testng.SuiteRunnerWorker.run(SuiteRunnerWorker.java:86)
	at org.testng.TestNG.runSuitesSequentially(TestNG.java:1191)
	at org.testng.TestNG.runSuitesLocally(TestNG.java:1116)
	at org.testng.TestNG.run(TestNG.java:1024)
	at org.testng.remote.AbstractRemoteTestNG.run(AbstractRemoteTestNG.java:114)
	at org.testng.remote.RemoteTestNG.initAndRun(RemoteTestNG.java:251)
	at org.testng.remote.RemoteTestNG.main(RemoteTestNG.java:77)
]]>
            </full-stacktrace>
          </exception> <!-- java.lang.AssertionError -->
          <reporter-output>
          </reporter-output>
        </test-method> <!-- Tc_Location_Area_70_70 -->
        <test-method status="PASS" signature="tearDown()[pri:0, instance:ssms.SSMS_Automation.testCase.AdminModule@77caeb3e]" name="tearDown" is-config="true" duration-ms="846" started-at="2019-12-04T20:37:17Z" finished-at="2019-12-04T20:37:18Z">
          <reporter-output>
          </reporter-output>
        </test-method> <!-- tearDown -->
        <test-method status="PASS" signature="setup()[pri:0, instance:ssms.SSMS_Automation.testCase.AdminModule@77caeb3e]" name="setup" is-config="true" duration-ms="9952" started-at="2019-12-04T20:37:18Z" finished-at="2019-12-04T20:37:28Z">
          <reporter-output>
          </reporter-output>
        </test-method> <!-- setup -->
        <test-method status="PASS" signature="Tc_Location_Area_71_71()[pri:67, instance:ssms.SSMS_Automation.testCase.AdminModule@77caeb3e]" name="Tc_Location_Area_71_71" duration-ms="78864" started-at="2019-12-04T20:37:28Z" description="Cancle Edited Area" finished-at="2019-12-04T20:38:47Z">
          <reporter-output>
          </reporter-output>
        </test-method> <!-- Tc_Location_Area_71_71 -->
        <test-method status="PASS" signature="tearDown()[pri:0, instance:ssms.SSMS_Automation.testCase.AdminModule@77caeb3e]" name="tearDown" is-config="true" duration-ms="762" started-at="2019-12-04T20:38:47Z" finished-at="2019-12-04T20:38:48Z">
          <reporter-output>
          </reporter-output>
        </test-method> <!-- tearDown -->
        <test-method status="PASS" signature="setup()[pri:0, instance:ssms.SSMS_Automation.testCase.AdminModule@77caeb3e]" name="setup" is-config="true" duration-ms="11394" started-at="2019-12-04T20:38:48Z" finished-at="2019-12-04T20:38:59Z">
          <reporter-output>
          </reporter-output>
        </test-method> <!-- setup -->
        <test-method status="PASS" signature="Tc_Location_Area_72_72()[pri:68, instance:ssms.SSMS_Automation.testCase.AdminModule@77caeb3e]" name="Tc_Location_Area_72_72" duration-ms="47534" started-at="2019-12-04T20:38:59Z" description="Edit Area with invalid data" finished-at="2019-12-04T20:39:47Z">
          <reporter-output>
          </reporter-output>
        </test-method> <!-- Tc_Location_Area_72_72 -->
        <test-method status="PASS" signature="tearDown()[pri:0, instance:ssms.SSMS_Automation.testCase.AdminModule@77caeb3e]" name="tearDown" is-config="true" duration-ms="846" started-at="2019-12-04T20:39:47Z" finished-at="2019-12-04T20:39:47Z">
          <reporter-output>
          </reporter-output>
        </test-method> <!-- tearDown -->
        <test-method status="PASS" signature="setup()[pri:0, instance:ssms.SSMS_Automation.testCase.AdminModule@77caeb3e]" name="setup" is-config="true" duration-ms="10182" started-at="2019-12-04T20:39:47Z" finished-at="2019-12-04T20:39:58Z">
          <reporter-output>
          </reporter-output>
        </test-method> <!-- setup -->
        <test-method status="PASS" signature="Tc_Location_Area_73_73()[pri:69, instance:ssms.SSMS_Automation.testCase.AdminModule@77caeb3e]" name="Tc_Location_Area_73_73" duration-ms="29675" started-at="2019-12-04T20:39:58Z" description="Appearance of Delete Row UI" finished-at="2019-12-04T20:40:27Z">
          <reporter-output>
          </reporter-output>
        </test-method> <!-- Tc_Location_Area_73_73 -->
        <test-method status="PASS" signature="tearDown()[pri:0, instance:ssms.SSMS_Automation.testCase.AdminModule@77caeb3e]" name="tearDown" is-config="true" duration-ms="861" started-at="2019-12-04T20:40:27Z" finished-at="2019-12-04T20:40:28Z">
          <reporter-output>
          </reporter-output>
        </test-method> <!-- tearDown -->
        <test-method status="PASS" signature="setup()[pri:0, instance:ssms.SSMS_Automation.testCase.AdminModule@77caeb3e]" name="setup" is-config="true" duration-ms="9944" started-at="2019-12-04T20:40:28Z" finished-at="2019-12-04T20:40:38Z">
          <reporter-output>
          </reporter-output>
        </test-method> <!-- setup -->
        <test-method status="PASS" signature="Tc_Location_Area_74_74()[pri:70, instance:ssms.SSMS_Automation.testCase.AdminModule@77caeb3e]" name="Tc_Location_Area_74_74" duration-ms="90212" started-at="2019-12-04T20:40:38Z" description="Functionality of &#039;Yes&#039; button" finished-at="2019-12-04T20:42:08Z">
          <reporter-output>
          </reporter-output>
        </test-method> <!-- Tc_Location_Area_74_74 -->
        <test-method status="PASS" signature="tearDown()[pri:0, instance:ssms.SSMS_Automation.testCase.AdminModule@77caeb3e]" name="tearDown" is-config="true" duration-ms="814" started-at="2019-12-04T20:42:08Z" finished-at="2019-12-04T20:42:09Z">
          <reporter-output>
          </reporter-output>
        </test-method> <!-- tearDown -->
      </class> <!-- ssms.SSMS_Automation.testCase.AdminModule -->
    </test> <!-- Default test -->
  </suite> <!-- Default suite -->
</testng-results>
